0 info it worked if it ends with ok
1 verbose cli [ '/usr/local/bin/node',
1 verbose cli   '/usr/local/bin/npm',
1 verbose cli   'run',
1 verbose cli   'storybook' ]
2 info using npm@4.1.1
3 info using node@v7.1.0
4 verbose run-script [ 'prestorybook', 'storybook', 'poststorybook' ]
5 info lifecycle sematable@1.2.3~prestorybook: sematable@1.2.3
6 silly lifecycle sematable@1.2.3~prestorybook: no script for prestorybook, continuing
7 info lifecycle sematable@1.2.3~storybook: sematable@1.2.3
8 verbose lifecycle sematable@1.2.3~storybook: unsafe-perm in lifecycle true
9 verbose lifecycle sematable@1.2.3~storybook: PATH: /usr/local/lib/node_modules/npm/bin/node-gyp-bin:/Users/bflowers/Projects/headwinds/forks/sematable/node_modules/.bin:/Library/Frameworks/Python.framework/Versions/3.6/bin:/usr/local/bin:/usr/bin:/bin:/usr/sbin:/sbin
10 verbose lifecycle sematable@1.2.3~storybook: CWD: /Users/bflowers/Projects/headwinds/forks/sematable
11 silly lifecycle sematable@1.2.3~storybook: Args: [ '-c', 'start-storybook -p 6006' ]
12 silly lifecycle sematable@1.2.3~storybook: Returned: code: 1  signal: null
13 info lifecycle sematable@1.2.3~storybook: Failed to exec storybook script
14 verbose stack Error: sematable@1.2.3 storybook: `start-storybook -p 6006`
14 verbose stack Exit status 1
14 verbose stack     at EventEmitter.<anonymous> (/usr/local/lib/node_modules/npm/lib/utils/lifecycle.js:279:16)
14 verbose stack     at emitTwo (events.js:106:13)
14 verbose stack     at EventEmitter.emit (events.js:191:7)
14 verbose stack     at ChildProcess.<anonymous> (/usr/local/lib/node_modules/npm/lib/utils/spawn.js:40:14)
14 verbose stack     at emitTwo (events.js:106:13)
14 verbose stack     at ChildProcess.emit (events.js:191:7)
14 verbose stack     at maybeClose (internal/child_process.js:885:16)
14 verbose stack     at Process.ChildProcess._handle.onexit (internal/child_process.js:226:5)
15 verbose pkgid sematable@1.2.3
16 verbose cwd /Users/bflowers/Projects/headwinds/forks/sematable
17 error Darwin 15.6.0
18 error argv "/usr/local/bin/node" "/usr/local/bin/npm" "run" "storybook"
19 error node v7.1.0
20 error npm  v4.1.1
21 error code ELIFECYCLE
22 error sematable@1.2.3 storybook: `start-storybook -p 6006`
22 error Exit status 1
23 error Failed at the sematable@1.2.3 storybook script 'start-storybook -p 6006'.
23 error Make sure you have the latest version of node.js and npm installed.
23 error If you do, this is most likely a problem with the sematable package,
23 error not with npm itself.
23 error Tell the author that this fails on your system:
23 error     start-storybook -p 6006
23 error You can get information on how to open an issue for this project with:
23 error     npm bugs sematable
23 error Or if that isn't available, you can get their info via:
23 error     npm owner ls sematable
23 error There is likely additional logging output above.
24 verbose exit [ 1, true ]
